umeng/build/intermediates/manifest_merge_blame_file/release/manifest-merger-blame-release-report.txt
1<?xml version="1.0" encoding="utf-8"?>
2<manifest xmlns:android="http://schemas.android.com/apk/res/android"
3    xmlns:tools="http://schemas.android.com/tools"
4    package="com.honeycom.umeng"
5    android:versionCode="2"
6    android:versionName="1.0.1" >
7
8    <uses-sdk
9        android:minSdkVersion="21"
9-->src\main\AndroidManifest.xml
10        android:targetSdkVersion="30" />
10-->src\main\AndroidManifest.xml
11
12    <!-- 共同权限 -->
13    <uses-permission android:name="android.permission.INTERNET" />
13-->src\main\AndroidManifest.xml:6:5-67
13-->src\main\AndroidManifest.xml:6:22-64
14    <uses-permission android:name="android.permission.ACCESS_WIFI_STATE" />
14-->src\main\AndroidManifest.xml:7:5-76
14-->src\main\AndroidManifest.xml:7:22-73
15    <uses-permission android:name="android.permission.ACCESS_NETWORK_STATE" />
15-->src\main\AndroidManifest.xml:8:5-79
15-->src\main\AndroidManifest.xml:8:22-76
16
17    <!-- 友盟统计 -->
18    <uses-permission android:name="android.permission.READ_PHONE_STATE" />
18-->src\main\AndroidManifest.xml:11:5-75
18-->src\main\AndroidManifest.xml:11:22-72
19
20    <!-- 友盟社会化 -->
21    <uses-permission android:name="android.permission.READ_EXTERNAL_STORAGE" />
21-->src\main\AndroidManifest.xml:14:5-80
21-->src\main\AndroidManifest.xml:14:22-77
22    <uses-permission android:name="android.permission.WRITE_EXTERNAL_STORAGE" />
22-->src\main\AndroidManifest.xml:15:5-81
22-->src\main\AndroidManifest.xml:15:22-78
23
24    <application>
24-->src\main\AndroidManifest.xml:17:5-90:19
25
26        <!-- 友盟 Key（请在 Gradle 中配置，请不要在此处修改） -->
27        <meta-data
28            android:name="UMENG_APPKEY"
28-->src\main\AndroidManifest.xml:21:13-40
29            android:value="6139b8635f798a55cafbe41d" />
29-->src\main\AndroidManifest.xml:22:13-44
30        <meta-data
30-->src\main\AndroidManifest.xml:24:9-72
31            android:name="UMENG_CHANNEL"
31-->src\main\AndroidManifest.xml:24:42-70
32            android:value="umeng" />
32-->src\main\AndroidManifest.xml:24:20-41
33
34        <!-- QQ AppId（请在 Gradle 中配置，请不要在此处修改） -->
35        <meta-data
36            android:name="QQ_APPID"
36-->src\main\AndroidManifest.xml:28:13-36
37            android:value="1111313549" />
37-->src\main\AndroidManifest.xml:29:13-40
38        <!-- QQ Key（请在 Gradle 中配置，请不要在此处修改） -->
39        <meta-data
40            android:name="QQ_APPKEY"
40-->src\main\AndroidManifest.xml:32:13-37
41            android:value="2M00I1MUsvYmV3Kg" />
41-->src\main\AndroidManifest.xml:33:13-41
42
43        <!-- 微信 AppId（请在 Gradle 中配置，请不要在此处修改） -->
44        <meta-data
45            android:name="WX_APPID"
45-->src\main\AndroidManifest.xml:37:13-36
46            android:value="wxd35706cc9f46114c" />
46-->src\main\AndroidManifest.xml:38:13-40
47        <!-- 微信 Key（请在 Gradle 中配置，请不要在此处修改） -->
48        <meta-data
49            android:name="WX_APPKEY"
49-->src\main\AndroidManifest.xml:41:13-37
50            android:value="0c8c7cf831dd135a32b3e395ea459b5a" />
50-->src\main\AndroidManifest.xml:42:13-41
51
52        <!-- 友盟推送 -->
53        <meta-data
54            android:name="Appkey"
54-->src\main\AndroidManifest.xml:46:13-34
55            android:value="6139b8635f798a55cafbe41d" />
55-->src\main\AndroidManifest.xml:47:13-38
56        <meta-data
57            android:name="MessageSecret"
57-->src\main\AndroidManifest.xml:49:13-41
58            android:value="612fcad1a6a26d76af9a087b624fb4ea" />
58-->src\main\AndroidManifest.xml:50:13-45
59        <meta-data
60            android:name="UMENG_MESSAGE_SECRET"
60-->src\main\AndroidManifest.xml:52:13-48
61            android:value="612fcad1a6a26d76af9a087b624fb4ea" />
61-->src\main\AndroidManifest.xml:53:13-52
62
63        <!-- 友盟社会化 -->
64
65
66        <!-- QQ 回调 -->
67        <activity
67-->src\main\AndroidManifest.xml:58:9-71:20
68            android:name="com.tencent.tauth.AuthActivity"
68-->src\main\AndroidManifest.xml:59:13-58
69            android:launchMode="singleTask"
69-->src\main\AndroidManifest.xml:60:13-44
70            android:noHistory="true"
70-->src\main\AndroidManifest.xml:61:13-37
71            tools:node="replace" >
71-->src\main\AndroidManifest.xml:62:13-33
72            <intent-filter>
72-->src\main\AndroidManifest.xml:63:13-70:29
73                <action android:name="android.intent.action.VIEW" />
73-->src\main\AndroidManifest.xml:64:17-69
73-->src\main\AndroidManifest.xml:64:25-66
74
75                <category android:name="android.intent.category.DEFAULT" />
75-->src\main\AndroidManifest.xml:66:17-76
75-->src\main\AndroidManifest.xml:66:27-73
76                <category android:name="android.intent.category.BROWSABLE" />
76-->src\main\AndroidManifest.xml:67:17-78
76-->src\main\AndroidManifest.xml:67:27-75
77
78                <data android:scheme="tencent1111313549" />
78-->src\main\AndroidManifest.xml:69:23-58
79            </intent-filter>
80        </activity>
81        <activity
81-->src\main\AndroidManifest.xml:73:9-77:36
82            android:name="com.tencent.connect.common.AssistActivity"
82-->src\main\AndroidManifest.xml:74:13-69
83            android:configChanges="orientation|keyboardHidden"
83-->src\main\AndroidManifest.xml:75:13-63
84            android:theme="@android:style/Theme.Translucent.NoTitleBar"
84-->src\main\AndroidManifest.xml:76:13-72
85            tools:node="replace" />
85-->src\main\AndroidManifest.xml:77:13-33
86
87        <!-- 微信回调（请注意这个 Activity 放置的包名要和当前项目的包名保持一致，否则将不能正常回调） -->
88        <!-- suppress AndroidDomInspection -->
89        <activity
89-->src\main\AndroidManifest.xml:81:9-87:43
90            android:name="com.honeycom.story.wxapi.WXEntryActivity"
90-->src\main\AndroidManifest.xml:82:13-68
91            android:configChanges="keyboardHidden|orientation|screenSize"
91-->src\main\AndroidManifest.xml:83:13-74
92            android:exported="true"
92-->src\main\AndroidManifest.xml:84:13-36
93            android:theme="@android:style/Theme.Translucent.NoTitleBar"
93-->src\main\AndroidManifest.xml:85:13-72
94            tools:ignore="MissingClass"
94-->src\main\AndroidManifest.xml:87:13-40
95            tools:node="replace" />
95-->src\main\AndroidManifest.xml:86:13-33
96    </application>
97
98</manifest>